<?xml version="1.0" encoding="UTF-8"?>
<!-- Generated by org.testng.reporters.JUnitReportReporter -->
<testsuite hostname="KAI-DT136" name="TestCases.TestCase9" tests="1" failures="0" timestamp="20 Apr 2016 12:45:11 GMT" time="224.677" errors="0">
  <testcase name="createNewUserAge12" time="224.677" classname="TestCases.TestCase9"/>
</testsuite> <!-- TestCases.TestCase9 -->
