<?xml version="1.0" encoding="UTF-8"?>
<!-- Generated by org.testng.reporters.JUnitReportReporter -->
<testsuite hostname="DESKTOP-J13P4A7" name="TestCases.TestCase4" tests="1" failures="0" timestamp="17 Apr 2016 17:06:53 GMT" time="57.747" errors="0">
  <testcase name="ValidNonAuthorisedPlayerLogin" time="57.747" classname="TestCases.TestCase4"/>
</testsuite> <!-- TestCases.TestCase4 -->
