<?xml version="1.0" encoding="UTF-8"?>
<!-- Generated by org.testng.reporters.JUnitReportReporter -->
<testsuite hostname="KAI-DT136" name="TestCases.TestCase11" tests="1" failures="0" timestamp="21 Apr 2016 10:08:23 GMT" time="173.334" errors="0">
  <testcase name="createNewUserAge12" time="173.334" classname="TestCases.TestCase11"/>
</testsuite> <!-- TestCases.TestCase11 -->
