<?xml version="1.0" encoding="UTF-8"?>
<!-- Generated by org.testng.reporters.JUnitReportReporter -->
<testsuite hostname="KAI-DT136" name="TestCases.TestCase9" tests="1" failures="0" timestamp="18 Apr 2016 09:00:33 GMT" time="156.587" errors="0">
  <testcase name="createNewUserAge12" time="156.587" classname="TestCases.TestCase9"/>
</testsuite> <!-- TestCases.TestCase9 -->
