<?xml version="1.0" encoding="UTF-8"?>
<!-- Generated by org.testng.reporters.JUnitReportReporter -->
<testsuite hostname="DESKTOP-J13P4A7" name="UnitTest.TestScroll" tests="1" failures="0" timestamp="24 Apr 2016 11:23:52 GMT" time="283.192" errors="0">
  <testcase name="verifyMembershipPage" time="283.192" classname="UnitTest.TestScroll"/>
</testsuite> <!-- UnitTest.TestScroll -->
