<?xml version="1.0" encoding="UTF-8"?>
<!-- Generated by org.testng.reporters.JUnitReportReporter -->
<testsuite hostname="KAI-DT136" name="TestCases.TestCase3" tests="1" failures="0" timestamp="19 Apr 2016 16:34:55 GMT" time="76.598" errors="0">
  <testcase name="ValidNonAuthorisedParentLogin" time="76.598" classname="TestCases.TestCase3"/>
</testsuite> <!-- TestCases.TestCase3 -->
