<?xml version="1.0" encoding="UTF-8"?>
<!-- Generated by org.testng.reporters.JUnitReportReporter -->
<testsuite hostname="DESKTOP-J13P4A7" name="TestCases.TestCase9" tests="1" failures="0" timestamp="16 Apr 2016 13:55:15 GMT" time="94.254" errors="0">
  <testcase name="createNewUserAge12" time="94.254" classname="TestCases.TestCase9"/>
</testsuite> <!-- TestCases.TestCase9 -->
