<?xml version="1.0" encoding="UTF-8"?>
<!-- Generated by org.testng.reporters.JUnitReportReporter -->
<testsuite hostname="DESKTOP-J13P4A7" name="TestCases.TestCase9" tests="1" failures="0" timestamp="24 Apr 2016 15:19:04 GMT" time="341.093" errors="0">
  <testcase name="ValidAuthorisedPlayerLogin" time="341.093" classname="TestCases.TestCase9"/>
</testsuite> <!-- TestCases.TestCase9 -->
