<?xml version="1.0" encoding="UTF-8"?>
<!-- Generated by org.testng.reporters.JUnitReportReporter -->
<testsuite hostname="DESKTOP-J13P4A7" name="UnitTest.ConfigDataProviderUnitTest" tests="2" failures="0" timestamp="16 Apr 2016 10:14:58 GMT" time="0.005" errors="0">
  <testcase name="testGetChromePath" time="0.003" classname="UnitTest.ConfigDataProviderUnitTest"/>
  <testcase name="testGetIePath" time="0.002" classname="UnitTest.ConfigDataProviderUnitTest"/>
</testsuite> <!-- UnitTest.ConfigDataProviderUnitTest -->
