<?xml version="1.0" encoding="UTF-8"?>
<!-- Generated by org.testng.reporters.JUnitReportReporter -->
<testsuite hostname="DESKTOP-J13P4A7" name="UnitTest.BrowserFactoryUnitTest" tests="3" failures="0" timestamp="16 Apr 2016 10:14:58 GMT" time="44.136" errors="0">
  <testcase name="getInternetExplorerDriverUnitTest" time="10.030" classname="UnitTest.BrowserFactoryUnitTest"/>
  <testcase name="getFirefoxDriverUnitTest" time="18.036" classname="UnitTest.BrowserFactoryUnitTest"/>
  <testcase name="getChromeDriverUnitTest" time="16.070" classname="UnitTest.BrowserFactoryUnitTest"/>
</testsuite> <!-- UnitTest.BrowserFactoryUnitTest -->
