<?xml version="1.0" encoding="UTF-8"?>
<!-- Generated by org.testng.reporters.JUnitReportReporter -->
<testsuite hostname="DESKTOP-J13P4A7" name="UnitTest.ExcelDataProviderUnitTest" tests="1" failures="0" timestamp="16 Apr 2016 11:06:10 GMT" time="0.547" errors="0">
  <testcase name="testExcelDataProvider" time="0.547" classname="UnitTest.ExcelDataProviderUnitTest"/>
</testsuite> <!-- UnitTest.ExcelDataProviderUnitTest -->
