<?xml version="1.0" encoding="UTF-8"?>
<!-- Generated by org.testng.reporters.JUnitReportReporter -->
<testsuite hostname="DESKTOP-J13P4A7" name="UnitTest.TestScroll" tests="1" failures="0" timestamp="23 Apr 2016 09:40:04 GMT" time="32.642" errors="0">
  <testcase name="verifyMembershipPage" time="32.642" classname="UnitTest.TestScroll"/>
</testsuite> <!-- UnitTest.TestScroll -->
