<?xml version="1.0" encoding="UTF-8"?>
<!-- Generated by org.testng.reporters.JUnitReportReporter -->
<testsuite hostname="DESKTOP-J13P4A7" name="UnitTest.ExcelDataProviderFactoryUnitTest" tests="1" failures="0" timestamp="16 Apr 2016 10:14:58 GMT" time="0.020" errors="0">
  <testcase name="getExcelObject" time="0.020" classname="UnitTest.ExcelDataProviderFactoryUnitTest"/>
</testsuite> <!-- UnitTest.ExcelDataProviderFactoryUnitTest -->
