<?xml version="1.0" encoding="UTF-8"?>
<!-- Generated by org.testng.reporters.JUnitReportReporter -->
<testsuite hostname="DESKTOP-J13P4A7" name="TestCases.TestCase9" tests="1" failures="0" timestamp="17 Apr 2016 06:24:36 GMT" time="154.267" errors="0">
  <testcase name="createNewUserAge12" time="154.267" classname="TestCases.TestCase9"/>
</testsuite> <!-- TestCases.TestCase9 -->
