<?xml version="1.0" encoding="UTF-8"?>
<!-- Generated by org.testng.reporters.JUnitReportReporter -->
<testsuite hostname="KAI-DT136" name="TestCases.TestCase3" tests="1" failures="0" timestamp="20 Apr 2016 10:53:37 GMT" time="87.692" errors="0">
  <testcase name="ValidNonAuthorisedParentLogin" time="87.692" classname="TestCases.TestCase3"/>
</testsuite> <!-- TestCases.TestCase3 -->
