<?xml version="1.0" encoding="UTF-8"?>
<!-- Generated by org.testng.reporters.JUnitReportReporter -->
<testsuite hostname="KAI-DT136" name="TestCases.TestCase2" tests="1" failures="0" timestamp="20 Apr 2016 10:53:37 GMT" time="73.728" errors="0">
  <testcase name="ValidAuthorisedParentLogin" time="73.728" classname="TestCases.TestCase2"/>
</testsuite> <!-- TestCases.TestCase2 -->
