<?xml version="1.0" encoding="UTF-8"?>
<!-- Generated by org.testng.reporters.JUnitReportReporter -->
<testsuite hostname="DESKTOP-J13P4A7" name="ReUse.SendMail" tests="1" failures="0" timestamp="17 Apr 2016 06:14:19 GMT" time="60.132" errors="0">
  <testcase name="sendMail" time="60.132" classname="ReUse.SendMail"/>
</testsuite> <!-- ReUse.SendMail -->
