<?xml version="1.0" encoding="UTF-8"?>
<!-- Generated by org.testng.reporters.JUnitReportReporter -->
<testsuite hostname="KAI-DT136" name="TestCases.TestCase2" tests="1" failures="0" timestamp="19 Apr 2016 16:34:55 GMT" time="62.985" errors="0">
  <testcase name="ValidAuthorisedParentLogin" time="62.985" classname="TestCases.TestCase2"/>
</testsuite> <!-- TestCases.TestCase2 -->
