<?xml version="1.0" encoding="UTF-8"?>
<!-- Generated by org.testng.reporters.JUnitReportReporter -->
<testsuite hostname="KAI-DT136" name="TestCases.TestCase1" tests="1" failures="0" timestamp="19 Apr 2016 16:34:55 GMT" time="67.777" errors="0">
  <testcase name="ValidAuthorisedPlayerLogin" time="67.777" classname="TestCases.TestCase1"/>
</testsuite> <!-- TestCases.TestCase1 -->
