<?xml version="1.0" encoding="UTF-8"?>
<!-- Generated by org.testng.reporters.JUnitReportReporter -->
<testsuite hostname="KAI-DT136" name="TestCases.TestCase4" tests="1" failures="0" timestamp="19 Apr 2016 16:34:55 GMT" time="72.464" errors="0">
  <testcase name="ValidNonAuthorisedPlayerLogin" time="72.464" classname="TestCases.TestCase4"/>
</testsuite> <!-- TestCases.TestCase4 -->
