<?xml version="1.0" encoding="UTF-8"?>
<!-- Generated by org.testng.reporters.JUnitReportReporter -->
<testsuite hostname="KAI-DT136" name="TestCases.TestCase4" tests="1" failures="0" timestamp="20 Apr 2016 10:53:37 GMT" time="87.379" errors="0">
  <testcase name="ValidNonAuthorisedPlayerLogin" time="87.379" classname="TestCases.TestCase4"/>
</testsuite> <!-- TestCases.TestCase4 -->
