<?xml version="1.0" encoding="UTF-8"?>
<!-- Generated by org.testng.reporters.JUnitReportReporter -->
<testsuite hostname="KAI-DT136" name="TestCases.TestCase1" tests="1" failures="0" timestamp="20 Apr 2016 10:53:37 GMT" time="75.410" errors="0">
  <testcase name="ValidAuthorisedPlayerLogin" time="75.410" classname="TestCases.TestCase1"/>
</testsuite> <!-- TestCases.TestCase1 -->
