<?xml version="1.0" encoding="UTF-8"?>
<!-- Generated by org.testng.reporters.JUnitReportReporter -->
<testsuite hostname="KAI-DT136" name="UnitTest.TestScroll" tests="2" failures="0" timestamp="19 Apr 2016 14:30:40 GMT" time="0.011" errors="0">
  <testcase name="readJenkinsValue" time="0.000" classname="UnitTest.TestScroll"/>
  <testcase name="getIp" time="0.011" classname="UnitTest.TestScroll"/>
</testsuite> <!-- UnitTest.TestScroll -->
