<?xml version="1.0" encoding="UTF-8"?>
<!-- Generated by org.testng.reporters.JUnitReportReporter -->
<testsuite hostname="DESKTOP-J13P4A7" name="UnitTest.ConfigDataProviderFactoryUnitTest" tests="1" failures="0" timestamp="16 Apr 2016 10:14:58 GMT" time="0.437" errors="0">
  <testcase name="getConfigObject" time="0.437" classname="UnitTest.ConfigDataProviderFactoryUnitTest"/>
</testsuite> <!-- UnitTest.ConfigDataProviderFactoryUnitTest -->
