<?xml version="1.0" encoding="UTF-8"?>
<!-- Generated by org.testng.reporters.JUnitReportReporter -->
<testsuite hostname="KAI-DT136" name="TestCases.TestCase12" tests="1" failures="0" timestamp="21 Apr 2016 13:01:03 GMT" time="215.803" errors="0">
  <testcase name="createNewUserAge12" time="215.803" classname="TestCases.TestCase12"/>
</testsuite> <!-- TestCases.TestCase12 -->
